<?xml version="1.0" encoding="UTF-8"?>
<!-- Generated by org.testng.reporters.JUnitReportReporter -->
<testsuite skipped="0" hostname="DESKTOP-11F9497" name="qaclickacademy.Old" tests="1" failures="0" timestamp="2020-07-30T06:51:36 CDT" time="0.000" errors="0">
  <testcase name="Lead" time="0.000" classname="qaclickacademy.Old"/>
  <system-out/>
</testsuite> <!-- qaclickacademy.Old -->
