<?xml version="1.0" encoding="UTF-8"?>
<!-- Generated by org.testng.reporters.JUnitReportReporter -->
<testsuite skipped="0" hostname="DESKTOP-11F9497" name="qaclickacademy.Branch" tests="1" failures="0" timestamp="2020-07-30T08:28:26 CDT" time="0.009" errors="0">
  <testcase name="develop" time="0.009" classname="qaclickacademy.Branch"/>
  <system-out/>
</testsuite> <!-- qaclickacademy.Branch -->
