<?xml version="1.0" encoding="UTF-8"?>
<!-- Generated by org.testng.reporters.JUnitReportReporter -->
<testsuite skipped="0" hostname="DESKTOP-11F9497" name="qaclickacademy.New" tests="2" failures="0" timestamp="2020-07-30T06:51:36 CDT" time="0.005" errors="0">
  <testcase name="TeamMember" time="0.000" classname="qaclickacademy.New"/>
  <system-out/>
  <testcase name="Esma" time="0.005" classname="qaclickacademy.New"/>
  <system-out/>
</testsuite> <!-- qaclickacademy.New -->
